{"C:\\Users\\lucia\\OneDrive\\Escritorio\\stuff\\src\\App.jsx": {"path":"C:\\Users\\lucia\\OneDrive\\Escritorio\\stuff\\src\\App.jsx","statementMap":{"0":{"start":{"line":7,"column":2},"end":{"line":12,"column":3}}},"fnMap":{"0":{"name":"App","decl":{"start":{"line":4,"column":9},"end":{"line":4,"column":12}},"loc":{"start":{"line":4,"column":15},"end":{"line":13,"column":1}},"line":4}},"branchMap":{},"s":{"0":0},"f":{"0":0},"b":{}}
,"C:\\Users\\lucia\\OneDrive\\Escritorio\\stuff\\src\\ErrorPage.jsx": {"path":"C:\\Users\\lucia\\OneDrive\\Escritorio\\stuff\\src\\ErrorPage.jsx","statementMap":{"0":{"start":{"line":4,"column":18},"end":{"line":4,"column":33}},"1":{"start":{"line":5,"column":4},"end":{"line":5,"column":25}},"2":{"start":{"line":7,"column":4},"end":{"line":16,"column":6}}},"fnMap":{"0":{"name":"ErrorPage","decl":{"start":{"line":3,"column":24},"end":{"line":3,"column":33}},"loc":{"start":{"line":3,"column":36},"end":{"line":17,"column":1}},"line":3}},"branchMap":{"0":{"loc":{"start":{"line":13,"column":20},"end":{"line":13,"column":53}},"type":"binary-expr","locations":[{"start":{"line":13,"column":20},"end":{"line":13,"column":36}},{"start":{"line":13,"column":40},"end":{"line":13,"column":53}}],"line":13}},"s":{"0":0,"1":0,"2":0},"f":{"0":0},"b":{"0":[0,0]}}
,"C:\\Users\\lucia\\OneDrive\\Escritorio\\stuff\\src\\Router.jsx": {"path":"C:\\Users\\lucia\\OneDrive\\Escritorio\\stuff\\src\\Router.jsx","statementMap":{"0":{"start":{"line":16,"column":4},"end":{"line":30,"column":6}}},"fnMap":{"0":{"name":"Router","decl":{"start":{"line":14,"column":9},"end":{"line":14,"column":15}},"loc":{"start":{"line":14,"column":18},"end":{"line":31,"column":1}},"line":14}},"branchMap":{},"s":{"0":0},"f":{"0":0},"b":{}}
,"C:\\Users\\lucia\\OneDrive\\Escritorio\\stuff\\src\\main.jsx": {"path":"C:\\Users\\lucia\\OneDrive\\Escritorio\\stuff\\src\\main.jsx","statementMap":{"0":{"start":{"line":7,"column":0},"end":{"line":13,"column":2}}},"fnMap":{},"branchMap":{},"s":{"0":0},"f":{},"b":{}}
,"C:\\Users\\lucia\\OneDrive\\Escritorio\\stuff\\src\\components\\addReview\\AddReview.jsx": {"path":"C:\\Users\\lucia\\OneDrive\\Escritorio\\stuff\\src\\components\\addReview\\AddReview.jsx","statementMap":{"0":{"start":{"line":8,"column":18},"end":{"line":63,"column":1}},"1":{"start":{"line":9,"column":17},"end":{"line":9,"column":49}},"2":{"start":{"line":9,"column":38},"end":{"line":9,"column":48}},"3":{"start":{"line":11,"column":15},"end":{"line":11,"column":23}},"4":{"start":{"line":12,"column":42},"end":{"line":12,"column":57}},"5":{"start":{"line":13,"column":34},"end":{"line":13,"column":46}},"6":{"start":{"line":14,"column":21},"end":{"line":14,"column":34}},"7":{"start":{"line":16,"column":30},"end":{"line":18,"column":5}},"8":{"start":{"line":17,"column":8},"end":{"line":17,"column":28}},"9":{"start":{"line":20,"column":32},"end":{"line":22,"column":5}},"10":{"start":{"line":21,"column":8},"end":{"line":21,"column":29}},"11":{"start":{"line":24,"column":28},"end":{"line":37,"column":5}},"12":{"start":{"line":25,"column":8},"end":{"line":25,"column":26}},"13":{"start":{"line":26,"column":8},"end":{"line":36,"column":9}},"14":{"start":{"line":27,"column":30},"end":{"line":32,"column":13}},"15":{"start":{"line":33,"column":12},"end":{"line":33,"column":44}},"16":{"start":{"line":35,"column":12},"end":{"line":35,"column":77}},"17":{"start":{"line":39,"column":4},"end":{"line":62,"column":6}},"18":{"start":{"line":53,"column":47},"end":{"line":53,"column":73}},"19":{"start":{"line":67,"column":0},"end":{"line":69,"column":1}}},"fnMap":{"0":{"name":"(anonymous_0)","decl":{"start":{"line":8,"column":18},"end":{"line":8,"column":19}},"loc":{"start":{"line":8,"column":35},"end":{"line":63,"column":1}},"line":8},"1":{"name":"(anonymous_1)","decl":{"start":{"line":9,"column":29},"end":{"line":9,"column":30}},"loc":{"start":{"line":9,"column":38},"end":{"line":9,"column":48}},"line":9},"2":{"name":"(anonymous_2)","decl":{"start":{"line":16,"column":30},"end":{"line":16,"column":31}},"loc":{"start":{"line":16,"column":36},"end":{"line":18,"column":5}},"line":16},"3":{"name":"(anonymous_3)","decl":{"start":{"line":20,"column":32},"end":{"line":20,"column":33}},"loc":{"start":{"line":20,"column":38},"end":{"line":22,"column":5}},"line":20},"4":{"name":"(anonymous_4)","decl":{"start":{"line":24,"column":28},"end":{"line":24,"column":29}},"loc":{"start":{"line":24,"column":35},"end":{"line":37,"column":5}},"line":24},"5":{"name":"(anonymous_5)","decl":{"start":{"line":53,"column":42},"end":{"line":53,"column":43}},"loc":{"start":{"line":53,"column":47},"end":{"line":53,"column":73}},"line":53}},"branchMap":{"0":{"loc":{"start":{"line":26,"column":8},"end":{"line":36,"column":9}},"type":"if","locations":[{"start":{"line":26,"column":8},"end":{"line":36,"column":9}},{"start":{"line":34,"column":15},"end":{"line":36,"column":9}}],"line":26},"1":{"loc":{"start":{"line":26,"column":12},"end":{"line":26,"column":59}},"type":"binary-expr","locations":[{"start":{"line":26,"column":12},"end":{"line":26,"column":32}},{"start":{"line":26,"column":36},"end":{"line":26,"column":59}}],"line":26},"2":{"loc":{"start":{"line":44,"column":16},"end":{"line":59,"column":17}},"type":"binary-expr","locations":[{"start":{"line":44,"column":16},"end":{"line":44,"column":27}},{"start":{"line":45,"column":20},"end":{"line":58,"column":26}}],"line":44}},"s":{"0":1,"1":1,"2":2,"3":1,"4":1,"5":1,"6":1,"7":1,"8":0,"9":1,"10":0,"11":1,"12":0,"13":0,"14":0,"15":0,"16":0,"17":1,"18":0,"19":1},"f":{"0":1,"1":2,"2":0,"3":0,"4":0,"5":0},"b":{"0":[0,0],"1":[0,0],"2":[1,0]},"_coverageSchema":"1a1c01bbd47fc00a2c39e90264f33305004495a9","hash":"673f9b3a7dbbb8e6c813017e1ab9aa40f23ed732"}
,"C:\\Users\\lucia\\OneDrive\\Escritorio\\stuff\\src\\components\\addStuff\\AddStuff.jsx": {"path":"C:\\Users\\lucia\\OneDrive\\Escritorio\\stuff\\src\\components\\addStuff\\AddStuff.jsx","statementMap":{"0":{"start":{"line":8,"column":17},"end":{"line":64,"column":1}},"1":{"start":{"line":9,"column":30},"end":{"line":9,"column":42}},"2":{"start":{"line":11,"column":34},"end":{"line":11,"column":46}},"3":{"start":{"line":13,"column":21},"end":{"line":13,"column":34}},"4":{"start":{"line":14,"column":15},"end":{"line":14,"column":23}},"5":{"start":{"line":15,"column":21},"end":{"line":15,"column":34}},"6":{"start":{"line":16,"column":18},"end":{"line":16,"column":37}},"7":{"start":{"line":17,"column":25},"end":{"line":30,"column":5}},"8":{"start":{"line":18,"column":8},"end":{"line":18,"column":26}},"9":{"start":{"line":19,"column":25},"end":{"line":21,"column":9}},"10":{"start":{"line":23,"column":8},"end":{"line":23,"column":37}},"11":{"start":{"line":25,"column":8},"end":{"line":25,"column":21}},"12":{"start":{"line":27,"column":8},"end":{"line":27,"column":23}},"13":{"start":{"line":28,"column":8},"end":{"line":28,"column":30}},"14":{"start":{"line":29,"column":8},"end":{"line":29,"column":26}},"15":{"start":{"line":31,"column":20},"end":{"line":31,"column":35}},"16":{"start":{"line":33,"column":4},"end":{"line":63,"column":6}},"17":{"start":{"line":37,"column":193},"end":{"line":37,"column":217}},"18":{"start":{"line":46,"column":41},"end":{"line":46,"column":67}},"19":{"start":{"line":53,"column":28},"end":{"line":55,"column":39}}},"fnMap":{"0":{"name":"(anonymous_0)","decl":{"start":{"line":8,"column":17},"end":{"line":8,"column":18}},"loc":{"start":{"line":8,"column":23},"end":{"line":64,"column":1}},"line":8},"1":{"name":"(anonymous_1)","decl":{"start":{"line":17,"column":25},"end":{"line":17,"column":26}},"loc":{"start":{"line":17,"column":32},"end":{"line":30,"column":5}},"line":17},"2":{"name":"(anonymous_2)","decl":{"start":{"line":37,"column":188},"end":{"line":37,"column":189}},"loc":{"start":{"line":37,"column":193},"end":{"line":37,"column":217}},"line":37},"3":{"name":"(anonymous_3)","decl":{"start":{"line":46,"column":34},"end":{"line":46,"column":35}},"loc":{"start":{"line":46,"column":41},"end":{"line":46,"column":67}},"line":46},"4":{"name":"(anonymous_4)","decl":{"start":{"line":52,"column":37},"end":{"line":52,"column":38}},"loc":{"start":{"line":53,"column":28},"end":{"line":55,"column":39}},"line":53}},"branchMap":{},"s":{"0":0,"1":0,"2":0,"3":0,"4":0,"5":0,"6":0,"7":0,"8":0,"9":0,"10":0,"11":0,"12":0,"13":0,"14":0,"15":0,"16":0,"17":0,"18":0,"19":0},"f":{"0":0,"1":0,"2":0,"3":0,"4":0},"b":{}}
,"C:\\Users\\lucia\\OneDrive\\Escritorio\\stuff\\src\\components\\dashboard\\Dashboard.jsx": {"path":"C:\\Users\\lucia\\OneDrive\\Escritorio\\stuff\\src\\components\\dashboard\\Dashboard.jsx","statementMap":{"0":{"start":{"line":7,"column":18},"end":{"line":33,"column":1}},"1":{"start":{"line":8,"column":50},"end":{"line":8,"column":62}},"2":{"start":{"line":10,"column":32},"end":{"line":12,"column":5}},"3":{"start":{"line":11,"column":8},"end":{"line":11,"column":36}},"4":{"start":{"line":14,"column":4},"end":{"line":32,"column":6}}},"fnMap":{"0":{"name":"(anonymous_0)","decl":{"start":{"line":7,"column":18},"end":{"line":7,"column":19}},"loc":{"start":{"line":7,"column":24},"end":{"line":33,"column":1}},"line":7},"1":{"name":"(anonymous_1)","decl":{"start":{"line":10,"column":32},"end":{"line":10,"column":33}},"loc":{"start":{"line":10,"column":45},"end":{"line":12,"column":5}},"line":10}},"branchMap":{},"s":{"0":0,"1":0,"2":0,"3":0,"4":0},"f":{"0":0,"1":0},"b":{}}
,"C:\\Users\\lucia\\OneDrive\\Escritorio\\stuff\\src\\components\\deleteStuff\\DeleteStuff.jsx": {"path":"C:\\Users\\lucia\\OneDrive\\Escritorio\\stuff\\src\\components\\deleteStuff\\DeleteStuff.jsx","statementMap":{"0":{"start":{"line":6,"column":20},"end":{"line":16,"column":1}},"1":{"start":{"line":7,"column":21},"end":{"line":7,"column":34}},"2":{"start":{"line":9,"column":25},"end":{"line":11,"column":5}},"3":{"start":{"line":10,"column":8},"end":{"line":10,"column":38}},"4":{"start":{"line":13,"column":4},"end":{"line":15,"column":6}},"5":{"start":{"line":20,"column":0},"end":{"line":22,"column":1}}},"fnMap":{"0":{"name":"(anonymous_0)","decl":{"start":{"line":6,"column":20},"end":{"line":6,"column":21}},"loc":{"start":{"line":6,"column":36},"end":{"line":16,"column":1}},"line":6},"1":{"name":"(anonymous_1)","decl":{"start":{"line":9,"column":25},"end":{"line":9,"column":26}},"loc":{"start":{"line":9,"column":31},"end":{"line":11,"column":5}},"line":9}},"branchMap":{},"s":{"0":0,"1":0,"2":0,"3":0,"4":0,"5":0},"f":{"0":0,"1":0},"b":{}}
,"C:\\Users\\lucia\\OneDrive\\Escritorio\\stuff\\src\\components\\editReview\\EditReview.jsx": {"path":"C:\\Users\\lucia\\OneDrive\\Escritorio\\stuff\\src\\components\\editReview\\EditReview.jsx","statementMap":{"0":{"start":{"line":7,"column":19},"end":{"line":57,"column":1}},"1":{"start":{"line":8,"column":21},"end":{"line":8,"column":34}},"2":{"start":{"line":9,"column":34},"end":{"line":9,"column":58}},"3":{"start":{"line":10,"column":20},"end":{"line":10,"column":28}},"4":{"start":{"line":12,"column":4},"end":{"line":14,"column":17}},"5":{"start":{"line":13,"column":8},"end":{"line":13,"column":46}},"6":{"start":{"line":17,"column":25},"end":{"line":27,"column":5}},"7":{"start":{"line":18,"column":8},"end":{"line":18,"column":26}},"8":{"start":{"line":19,"column":29},"end":{"line":24,"column":9}},"9":{"start":{"line":25,"column":8},"end":{"line":25,"column":41}},"10":{"start":{"line":26,"column":8},"end":{"line":26,"column":19}},"11":{"start":{"line":29,"column":18},"end":{"line":31,"column":5}},"12":{"start":{"line":30,"column":8},"end":{"line":30,"column":19}},"13":{"start":{"line":33,"column":4},"end":{"line":56,"column":6}},"14":{"start":{"line":41,"column":31},"end":{"line":41,"column":57}},"15":{"start":{"line":61,"column":0},"end":{"line":64,"column":1}}},"fnMap":{"0":{"name":"(anonymous_0)","decl":{"start":{"line":7,"column":19},"end":{"line":7,"column":20}},"loc":{"start":{"line":7,"column":46},"end":{"line":57,"column":1}},"line":7},"1":{"name":"(anonymous_1)","decl":{"start":{"line":12,"column":14},"end":{"line":12,"column":15}},"loc":{"start":{"line":12,"column":20},"end":{"line":14,"column":5}},"line":12},"2":{"name":"(anonymous_2)","decl":{"start":{"line":17,"column":25},"end":{"line":17,"column":26}},"loc":{"start":{"line":17,"column":32},"end":{"line":27,"column":5}},"line":17},"3":{"name":"(anonymous_3)","decl":{"start":{"line":29,"column":18},"end":{"line":29,"column":19}},"loc":{"start":{"line":29,"column":24},"end":{"line":31,"column":5}},"line":29},"4":{"name":"(anonymous_4)","decl":{"start":{"line":41,"column":26},"end":{"line":41,"column":27}},"loc":{"start":{"line":41,"column":31},"end":{"line":41,"column":57}},"line":41}},"branchMap":{},"s":{"0":0,"1":0,"2":0,"3":0,"4":0,"5":0,"6":0,"7":0,"8":0,"9":0,"10":0,"11":0,"12":0,"13":0,"14":0,"15":0},"f":{"0":0,"1":0,"2":0,"3":0,"4":0},"b":{}}
,"C:\\Users\\lucia\\OneDrive\\Escritorio\\stuff\\src\\components\\editStuff\\EditStuff.jsx": {"path":"C:\\Users\\lucia\\OneDrive\\Escritorio\\stuff\\src\\components\\editStuff\\EditStuff.jsx","statementMap":{"0":{"start":{"line":7,"column":18},"end":{"line":62,"column":1}},"1":{"start":{"line":8,"column":19},"end":{"line":8,"column":30}},"2":{"start":{"line":9,"column":18},"end":{"line":9,"column":58}},"3":{"start":{"line":9,"column":41},"end":{"line":9,"column":57}},"4":{"start":{"line":10,"column":26},"end":{"line":10,"column":73}},"5":{"start":{"line":10,"column":54},"end":{"line":10,"column":72}},"6":{"start":{"line":12,"column":31},"end":{"line":12,"column":47}},"7":{"start":{"line":13,"column":38},"end":{"line":13,"column":53}},"8":{"start":{"line":15,"column":42},"end":{"line":15,"column":59}},"9":{"start":{"line":17,"column":21},"end":{"line":17,"column":34}},"10":{"start":{"line":18,"column":21},"end":{"line":18,"column":34}},"11":{"start":{"line":21,"column":25},"end":{"line":31,"column":5}},"12":{"start":{"line":22,"column":8},"end":{"line":22,"column":26}},"13":{"start":{"line":23,"column":27},"end":{"line":28,"column":9}},"14":{"start":{"line":29,"column":8},"end":{"line":29,"column":38}},"15":{"start":{"line":30,"column":8},"end":{"line":30,"column":30}},"16":{"start":{"line":32,"column":20},"end":{"line":32,"column":35}},"17":{"start":{"line":33,"column":4},"end":{"line":61,"column":6}},"18":{"start":{"line":37,"column":152},"end":{"line":37,"column":180}},"19":{"start":{"line":45,"column":41},"end":{"line":45,"column":71}},"20":{"start":{"line":52,"column":28},"end":{"line":54,"column":39}}},"fnMap":{"0":{"name":"(anonymous_0)","decl":{"start":{"line":7,"column":18},"end":{"line":7,"column":19}},"loc":{"start":{"line":7,"column":24},"end":{"line":62,"column":1}},"line":7},"1":{"name":"(anonymous_1)","decl":{"start":{"line":9,"column":30},"end":{"line":9,"column":31}},"loc":{"start":{"line":9,"column":41},"end":{"line":9,"column":57}},"line":9},"2":{"name":"(anonymous_2)","decl":{"start":{"line":10,"column":39},"end":{"line":10,"column":40}},"loc":{"start":{"line":10,"column":54},"end":{"line":10,"column":72}},"line":10},"3":{"name":"(anonymous_3)","decl":{"start":{"line":21,"column":25},"end":{"line":21,"column":26}},"loc":{"start":{"line":21,"column":32},"end":{"line":31,"column":5}},"line":21},"4":{"name":"(anonymous_4)","decl":{"start":{"line":37,"column":147},"end":{"line":37,"column":148}},"loc":{"start":{"line":37,"column":152},"end":{"line":37,"column":180}},"line":37},"5":{"name":"(anonymous_5)","decl":{"start":{"line":45,"column":34},"end":{"line":45,"column":35}},"loc":{"start":{"line":45,"column":41},"end":{"line":45,"column":71}},"line":45},"6":{"name":"(anonymous_6)","decl":{"start":{"line":51,"column":37},"end":{"line":51,"column":38}},"loc":{"start":{"line":52,"column":28},"end":{"line":54,"column":39}},"line":52}},"branchMap":{},"s":{"0":0,"1":0,"2":0,"3":0,"4":0,"5":0,"6":0,"7":0,"8":0,"9":0,"10":0,"11":0,"12":0,"13":0,"14":0,"15":0,"16":0,"17":0,"18":0,"19":0,"20":0},"f":{"0":0,"1":0,"2":0,"3":0,"4":0,"5":0,"6":0},"b":{}}
,"C:\\Users\\lucia\\OneDrive\\Escritorio\\stuff\\src\\components\\homePage\\HomePage.jsx": {"path":"C:\\Users\\lucia\\OneDrive\\Escritorio\\stuff\\src\\components\\homePage\\HomePage.jsx","statementMap":{"0":{"start":{"line":3,"column":17},"end":{"line":24,"column":1}},"1":{"start":{"line":4,"column":4},"end":{"line":23,"column":6}}},"fnMap":{"0":{"name":"(anonymous_0)","decl":{"start":{"line":3,"column":17},"end":{"line":3,"column":18}},"loc":{"start":{"line":3,"column":23},"end":{"line":24,"column":1}},"line":3}},"branchMap":{},"s":{"0":0,"1":0},"f":{"0":0},"b":{}}
,"C:\\Users\\lucia\\OneDrive\\Escritorio\\stuff\\src\\components\\login\\Login.jsx": {"path":"C:\\Users\\lucia\\OneDrive\\Escritorio\\stuff\\src\\components\\login\\Login.jsx","statementMap":{"0":{"start":{"line":8,"column":14},"end":{"line":68,"column":1}},"1":{"start":{"line":9,"column":30},"end":{"line":9,"column":42}},"2":{"start":{"line":10,"column":36},"end":{"line":10,"column":48}},"3":{"start":{"line":11,"column":30},"end":{"line":11,"column":42}},"4":{"start":{"line":12,"column":21},"end":{"line":12,"column":34}},"5":{"start":{"line":13,"column":18},"end":{"line":13,"column":57}},"6":{"start":{"line":13,"column":41},"end":{"line":13,"column":56}},"7":{"start":{"line":14,"column":21},"end":{"line":14,"column":34}},"8":{"start":{"line":16,"column":4},"end":{"line":18,"column":19}},"9":{"start":{"line":17,"column":8},"end":{"line":17,"column":28}},"10":{"start":{"line":20,"column":25},"end":{"line":35,"column":5}},"11":{"start":{"line":21,"column":8},"end":{"line":21,"column":27}},"12":{"start":{"line":22,"column":28},"end":{"line":22,"column":70}},"13":{"start":{"line":22,"column":49},"end":{"line":22,"column":69}},"14":{"start":{"line":24,"column":8},"end":{"line":34,"column":9}},"15":{"start":{"line":25,"column":12},"end":{"line":25,"column":45}},"16":{"start":{"line":27,"column":12},"end":{"line":33,"column":13}},"17":{"start":{"line":28,"column":16},"end":{"line":28,"column":48}},"18":{"start":{"line":29,"column":16},"end":{"line":29,"column":38}},"19":{"start":{"line":32,"column":16},"end":{"line":32,"column":50}},"20":{"start":{"line":37,"column":4},"end":{"line":67,"column":6}},"21":{"start":{"line":48,"column":37},"end":{"line":48,"column":61}},"22":{"start":{"line":60,"column":37},"end":{"line":60,"column":64}}},"fnMap":{"0":{"name":"(anonymous_0)","decl":{"start":{"line":8,"column":14},"end":{"line":8,"column":15}},"loc":{"start":{"line":8,"column":20},"end":{"line":68,"column":1}},"line":8},"1":{"name":"(anonymous_1)","decl":{"start":{"line":13,"column":30},"end":{"line":13,"column":31}},"loc":{"start":{"line":13,"column":41},"end":{"line":13,"column":56}},"line":13},"2":{"name":"(anonymous_2)","decl":{"start":{"line":16,"column":14},"end":{"line":16,"column":15}},"loc":{"start":{"line":16,"column":20},"end":{"line":18,"column":5}},"line":16},"3":{"name":"(anonymous_3)","decl":{"start":{"line":20,"column":25},"end":{"line":20,"column":26}},"loc":{"start":{"line":20,"column":38},"end":{"line":35,"column":5}},"line":20},"4":{"name":"(anonymous_4)","decl":{"start":{"line":22,"column":39},"end":{"line":22,"column":40}},"loc":{"start":{"line":22,"column":49},"end":{"line":22,"column":69}},"line":22},"5":{"name":"(anonymous_5)","decl":{"start":{"line":48,"column":30},"end":{"line":48,"column":31}},"loc":{"start":{"line":48,"column":37},"end":{"line":48,"column":61}},"line":48},"6":{"name":"(anonymous_6)","decl":{"start":{"line":60,"column":30},"end":{"line":60,"column":31}},"loc":{"start":{"line":60,"column":37},"end":{"line":60,"column":64}},"line":60}},"branchMap":{"0":{"loc":{"start":{"line":24,"column":8},"end":{"line":34,"column":9}},"type":"if","locations":[{"start":{"line":24,"column":8},"end":{"line":34,"column":9}},{"start":{"line":26,"column":15},"end":{"line":34,"column":9}}],"line":24},"1":{"loc":{"start":{"line":27,"column":12},"end":{"line":33,"column":13}},"type":"if","locations":[{"start":{"line":27,"column":12},"end":{"line":33,"column":13}},{"start":{"line":31,"column":19},"end":{"line":33,"column":13}}],"line":27},"2":{"loc":{"start":{"line":64,"column":17},"end":{"line":64,"column":109}},"type":"binary-expr","locations":[{"start":{"line":64,"column":17},"end":{"line":64,"column":22}},{"start":{"line":64,"column":26},"end":{"line":64,"column":109}}],"line":64}},"s":{"0":0,"1":0,"2":0,"3":0,"4":0,"5":0,"6":0,"7":0,"8":0,"9":0,"10":0,"11":0,"12":0,"13":0,"14":0,"15":0,"16":0,"17":0,"18":0,"19":0,"20":0,"21":0,"22":0},"f":{"0":0,"1":0,"2":0,"3":0,"4":0,"5":0,"6":0},"b":{"0":[0,0],"1":[0,0],"2":[0,0]}}
,"C:\\Users\\lucia\\OneDrive\\Escritorio\\stuff\\src\\components\\navBar\\NavBar.jsx": {"path":"C:\\Users\\lucia\\OneDrive\\Escritorio\\stuff\\src\\components\\navBar\\NavBar.jsx","statementMap":{"0":{"start":{"line":9,"column":15},"end":{"line":205,"column":1}},"1":{"start":{"line":10,"column":21},"end":{"line":10,"column":34}},"2":{"start":{"line":11,"column":21},"end":{"line":11,"column":34}},"3":{"start":{"line":13,"column":42},"end":{"line":13,"column":56}},"4":{"start":{"line":14,"column":44},"end":{"line":14,"column":58}},"5":{"start":{"line":16,"column":30},"end":{"line":18,"column":5}},"6":{"start":{"line":17,"column":8},"end":{"line":17,"column":44}},"7":{"start":{"line":19,"column":31},"end":{"line":21,"column":5}},"8":{"start":{"line":20,"column":8},"end":{"line":20,"column":45}},"9":{"start":{"line":23,"column":31},"end":{"line":25,"column":5}},"10":{"start":{"line":24,"column":8},"end":{"line":24,"column":29}},"11":{"start":{"line":27,"column":32},"end":{"line":29,"column":5}},"12":{"start":{"line":28,"column":8},"end":{"line":28,"column":30}},"13":{"start":{"line":31,"column":25},"end":{"line":34,"column":5}},"14":{"start":{"line":32,"column":8},"end":{"line":32,"column":30}},"15":{"start":{"line":33,"column":8},"end":{"line":33,"column":21}},"16":{"start":{"line":35,"column":18},"end":{"line":46,"column":5}},"17":{"start":{"line":48,"column":21},"end":{"line":54,"column":5}},"18":{"start":{"line":56,"column":32},"end":{"line":67,"column":5}},"19":{"start":{"line":69,"column":17},"end":{"line":69,"column":51}},"20":{"start":{"line":69,"column":40},"end":{"line":69,"column":50}},"21":{"start":{"line":70,"column":4},"end":{"line":204,"column":6}},"22":{"start":{"line":123,"column":36},"end":{"line":125,"column":47}},"23":{"start":{"line":129,"column":36},"end":{"line":131,"column":47}},"24":{"start":{"line":158,"column":32},"end":{"line":160,"column":43}},"25":{"start":{"line":164,"column":32},"end":{"line":166,"column":43}},"26":{"start":{"line":195,"column":36},"end":{"line":195,"column":165}}},"fnMap":{"0":{"name":"(anonymous_0)","decl":{"start":{"line":9,"column":15},"end":{"line":9,"column":16}},"loc":{"start":{"line":9,"column":21},"end":{"line":205,"column":1}},"line":9},"1":{"name":"(anonymous_1)","decl":{"start":{"line":16,"column":30},"end":{"line":16,"column":31}},"loc":{"start":{"line":16,"column":41},"end":{"line":18,"column":5}},"line":16},"2":{"name":"(anonymous_2)","decl":{"start":{"line":19,"column":31},"end":{"line":19,"column":32}},"loc":{"start":{"line":19,"column":42},"end":{"line":21,"column":5}},"line":19},"3":{"name":"(anonymous_3)","decl":{"start":{"line":23,"column":31},"end":{"line":23,"column":32}},"loc":{"start":{"line":23,"column":37},"end":{"line":25,"column":5}},"line":23},"4":{"name":"(anonymous_4)","decl":{"start":{"line":27,"column":32},"end":{"line":27,"column":33}},"loc":{"start":{"line":27,"column":38},"end":{"line":29,"column":5}},"line":27},"5":{"name":"(anonymous_5)","decl":{"start":{"line":31,"column":25},"end":{"line":31,"column":26}},"loc":{"start":{"line":31,"column":31},"end":{"line":34,"column":5}},"line":31},"6":{"name":"(anonymous_6)","decl":{"start":{"line":69,"column":29},"end":{"line":69,"column":30}},"loc":{"start":{"line":69,"column":40},"end":{"line":69,"column":50}},"line":69},"7":{"name":"(anonymous_7)","decl":{"start":{"line":122,"column":56},"end":{"line":122,"column":57}},"loc":{"start":{"line":123,"column":36},"end":{"line":125,"column":47}},"line":123},"8":{"name":"(anonymous_8)","decl":{"start":{"line":128,"column":42},"end":{"line":128,"column":43}},"loc":{"start":{"line":129,"column":36},"end":{"line":131,"column":47}},"line":129},"9":{"name":"(anonymous_9)","decl":{"start":{"line":157,"column":52},"end":{"line":157,"column":53}},"loc":{"start":{"line":158,"column":32},"end":{"line":160,"column":43}},"line":158},"10":{"name":"(anonymous_10)","decl":{"start":{"line":163,"column":38},"end":{"line":163,"column":39}},"loc":{"start":{"line":164,"column":32},"end":{"line":166,"column":43}},"line":164},"11":{"name":"(anonymous_11)","decl":{"start":{"line":194,"column":46},"end":{"line":194,"column":47}},"loc":{"start":{"line":195,"column":36},"end":{"line":195,"column":165}},"line":195}},"branchMap":{"0":{"loc":{"start":{"line":121,"column":29},"end":{"line":133,"column":29}},"type":"cond-expr","locations":[{"start":{"line":122,"column":32},"end":{"line":126,"column":34}},{"start":{"line":128,"column":32},"end":{"line":132,"column":34}}],"line":121},"1":{"loc":{"start":{"line":156,"column":25},"end":{"line":168,"column":25}},"type":"cond-expr","locations":[{"start":{"line":157,"column":28},"end":{"line":161,"column":30}},{"start":{"line":163,"column":28},"end":{"line":167,"column":30}}],"line":156},"2":{"loc":{"start":{"line":193,"column":29},"end":{"line":198,"column":39}},"type":"cond-expr","locations":[{"start":{"line":193,"column":53},"end":{"line":193,"column":57}},{"start":{"line":193,"column":60},"end":{"line":198,"column":39}}],"line":193}},"s":{"0":0,"1":0,"2":0,"3":0,"4":0,"5":0,"6":0,"7":0,"8":0,"9":0,"10":0,"11":0,"12":0,"13":0,"14":0,"15":0,"16":0,"17":0,"18":0,"19":0,"20":0,"21":0,"22":0,"23":0,"24":0,"25":0,"26":0},"f":{"0":0,"1":0,"2":0,"3":0,"4":0,"5":0,"6":0,"7":0,"8":0,"9":0,"10":0,"11":0},"b":{"0":[0,0],"1":[0,0],"2":[0,0]}}
,"C:\\Users\\lucia\\OneDrive\\Escritorio\\stuff\\src\\components\\profile\\Profile.jsx": {"path":"C:\\Users\\lucia\\OneDrive\\Escritorio\\stuff\\src\\components\\profile\\Profile.jsx","statementMap":{"0":{"start":{"line":3,"column":16},"end":{"line":11,"column":1}},"1":{"start":{"line":4,"column":17},"end":{"line":4,"column":51}},"2":{"start":{"line":4,"column":40},"end":{"line":4,"column":50}},"3":{"start":{"line":6,"column":4},"end":{"line":10,"column":6}}},"fnMap":{"0":{"name":"(anonymous_0)","decl":{"start":{"line":3,"column":16},"end":{"line":3,"column":17}},"loc":{"start":{"line":3,"column":22},"end":{"line":11,"column":1}},"line":3},"1":{"name":"(anonymous_1)","decl":{"start":{"line":4,"column":29},"end":{"line":4,"column":30}},"loc":{"start":{"line":4,"column":40},"end":{"line":4,"column":50}},"line":4}},"branchMap":{},"s":{"0":0,"1":0,"2":0,"3":0},"f":{"0":0,"1":0},"b":{}}
,"C:\\Users\\lucia\\OneDrive\\Escritorio\\stuff\\src\\components\\prueba\\Prueba.jsx": {"path":"C:\\Users\\lucia\\OneDrive\\Escritorio\\stuff\\src\\components\\prueba\\Prueba.jsx","statementMap":{"0":{"start":{"line":3,"column":15},"end":{"line":9,"column":1}},"1":{"start":{"line":4,"column":4},"end":{"line":8,"column":6}}},"fnMap":{"0":{"name":"(anonymous_0)","decl":{"start":{"line":3,"column":15},"end":{"line":3,"column":16}},"loc":{"start":{"line":3,"column":21},"end":{"line":9,"column":1}},"line":3}},"branchMap":{},"s":{"0":1,"1":1},"f":{"0":1},"b":{},"_coverageSchema":"1a1c01bbd47fc00a2c39e90264f33305004495a9","hash":"cb6cd7f853601c8eafe0cb5a5819a79643651092"}
,"C:\\Users\\lucia\\OneDrive\\Escritorio\\stuff\\src\\components\\register\\Register.jsx": {"path":"C:\\Users\\lucia\\OneDrive\\Escritorio\\stuff\\src\\components\\register\\Register.jsx","statementMap":{"0":{"start":{"line":8,"column":17},"end":{"line":74,"column":1}},"1":{"start":{"line":9,"column":28},"end":{"line":9,"column":40}},"2":{"start":{"line":10,"column":30},"end":{"line":10,"column":42}},"3":{"start":{"line":11,"column":36},"end":{"line":11,"column":48}},"4":{"start":{"line":13,"column":21},"end":{"line":13,"column":34}},"5":{"start":{"line":14,"column":15},"end":{"line":14,"column":23}},"6":{"start":{"line":15,"column":21},"end":{"line":15,"column":34}},"7":{"start":{"line":17,"column":25},"end":{"line":29,"column":5}},"8":{"start":{"line":18,"column":8},"end":{"line":18,"column":26}},"9":{"start":{"line":19,"column":24},"end":{"line":21,"column":9}},"10":{"start":{"line":23,"column":8},"end":{"line":23,"column":36}},"11":{"start":{"line":25,"column":8},"end":{"line":25,"column":20}},"12":{"start":{"line":26,"column":8},"end":{"line":26,"column":21}},"13":{"start":{"line":27,"column":8},"end":{"line":27,"column":24}},"14":{"start":{"line":28,"column":8},"end":{"line":28,"column":27}},"15":{"start":{"line":32,"column":4},"end":{"line":73,"column":6}},"16":{"start":{"line":44,"column":35},"end":{"line":44,"column":58}},"17":{"start":{"line":55,"column":35},"end":{"line":55,"column":59}},"18":{"start":{"line":66,"column":35},"end":{"line":66,"column":62}}},"fnMap":{"0":{"name":"(anonymous_0)","decl":{"start":{"line":8,"column":17},"end":{"line":8,"column":18}},"loc":{"start":{"line":8,"column":23},"end":{"line":74,"column":1}},"line":8},"1":{"name":"(anonymous_1)","decl":{"start":{"line":17,"column":25},"end":{"line":17,"column":26}},"loc":{"start":{"line":17,"column":32},"end":{"line":29,"column":5}},"line":17},"2":{"name":"(anonymous_2)","decl":{"start":{"line":44,"column":30},"end":{"line":44,"column":31}},"loc":{"start":{"line":44,"column":35},"end":{"line":44,"column":58}},"line":44},"3":{"name":"(anonymous_3)","decl":{"start":{"line":55,"column":30},"end":{"line":55,"column":31}},"loc":{"start":{"line":55,"column":35},"end":{"line":55,"column":59}},"line":55},"4":{"name":"(anonymous_4)","decl":{"start":{"line":66,"column":30},"end":{"line":66,"column":31}},"loc":{"start":{"line":66,"column":35},"end":{"line":66,"column":62}},"line":66}},"branchMap":{},"s":{"0":0,"1":0,"2":0,"3":0,"4":0,"5":0,"6":0,"7":0,"8":0,"9":0,"10":0,"11":0,"12":0,"13":0,"14":0,"15":0,"16":0,"17":0,"18":0},"f":{"0":0,"1":0,"2":0,"3":0,"4":0},"b":{}}
,"C:\\Users\\lucia\\OneDrive\\Escritorio\\stuff\\src\\components\\review\\Review.jsx": {"path":"C:\\Users\\lucia\\OneDrive\\Escritorio\\stuff\\src\\components\\review\\Review.jsx","statementMap":{"0":{"start":{"line":10,"column":15},"end":{"line":50,"column":1}},"1":{"start":{"line":11,"column":19},"end":{"line":11,"column":30}},"2":{"start":{"line":12,"column":21},"end":{"line":12,"column":61}},"3":{"start":{"line":12,"column":44},"end":{"line":12,"column":60}},"4":{"start":{"line":13,"column":18},"end":{"line":13,"column":57}},"5":{"start":{"line":13,"column":41},"end":{"line":13,"column":56}},"6":{"start":{"line":15,"column":21},"end":{"line":15,"column":34}},"7":{"start":{"line":16,"column":19},"end":{"line":16,"column":60}},"8":{"start":{"line":16,"column":41},"end":{"line":16,"column":58}},"9":{"start":{"line":18,"column":4},"end":{"line":25,"column":34}},"10":{"start":{"line":19,"column":8},"end":{"line":21,"column":9}},"11":{"start":{"line":20,"column":12},"end":{"line":20,"column":33}},"12":{"start":{"line":22,"column":8},"end":{"line":24,"column":9}},"13":{"start":{"line":23,"column":12},"end":{"line":23,"column":34}},"14":{"start":{"line":27,"column":4},"end":{"line":49,"column":6}}},"fnMap":{"0":{"name":"(anonymous_0)","decl":{"start":{"line":10,"column":15},"end":{"line":10,"column":16}},"loc":{"start":{"line":10,"column":21},"end":{"line":50,"column":1}},"line":10},"1":{"name":"(anonymous_1)","decl":{"start":{"line":12,"column":33},"end":{"line":12,"column":34}},"loc":{"start":{"line":12,"column":44},"end":{"line":12,"column":60}},"line":12},"2":{"name":"(anonymous_2)","decl":{"start":{"line":13,"column":32},"end":{"line":13,"column":33}},"loc":{"start":{"line":13,"column":41},"end":{"line":13,"column":56}},"line":13},"3":{"name":"(anonymous_3)","decl":{"start":{"line":16,"column":32},"end":{"line":16,"column":33}},"loc":{"start":{"line":16,"column":41},"end":{"line":16,"column":58}},"line":16},"4":{"name":"(anonymous_4)","decl":{"start":{"line":18,"column":14},"end":{"line":18,"column":15}},"loc":{"start":{"line":18,"column":20},"end":{"line":25,"column":5}},"line":18}},"branchMap":{"0":{"loc":{"start":{"line":19,"column":8},"end":{"line":21,"column":9}},"type":"if","locations":[{"start":{"line":19,"column":8},"end":{"line":21,"column":9}},{"start":{},"end":{}}],"line":19},"1":{"loc":{"start":{"line":22,"column":8},"end":{"line":24,"column":9}},"type":"if","locations":[{"start":{"line":22,"column":8},"end":{"line":24,"column":9}},{"start":{},"end":{}}],"line":22},"2":{"loc":{"start":{"line":29,"column":13},"end":{"line":47,"column":13}},"type":"binary-expr","locations":[{"start":{"line":29,"column":13},"end":{"line":29,"column":18}},{"start":{"line":30,"column":16},"end":{"line":46,"column":19}}],"line":29}},"s":{"0":0,"1":0,"2":0,"3":0,"4":0,"5":0,"6":0,"7":0,"8":0,"9":0,"10":0,"11":0,"12":0,"13":0,"14":0},"f":{"0":0,"1":0,"2":0,"3":0,"4":0},"b":{"0":[0,0],"1":[0,0],"2":[0,0]}}
,"C:\\Users\\lucia\\OneDrive\\Escritorio\\stuff\\src\\components\\reviewList\\ReviewList.jsx": {"path":"C:\\Users\\lucia\\OneDrive\\Escritorio\\stuff\\src\\components\\reviewList\\ReviewList.jsx","statementMap":{"0":{"start":{"line":9,"column":19},"end":{"line":60,"column":1}},"1":{"start":{"line":10,"column":20},"end":{"line":10,"column":59}},"2":{"start":{"line":10,"column":41},"end":{"line":10,"column":58}},"3":{"start":{"line":11,"column":48},"end":{"line":11,"column":62}},"4":{"start":{"line":12,"column":18},"end":{"line":12,"column":55}},"5":{"start":{"line":12,"column":39},"end":{"line":12,"column":54}},"6":{"start":{"line":13,"column":21},"end":{"line":13,"column":34}},"7":{"start":{"line":14,"column":22},"end":{"line":14,"column":70}},"8":{"start":{"line":14,"column":43},"end":{"line":14,"column":69}},"9":{"start":{"line":15,"column":38},"end":{"line":15,"column":53}},"10":{"start":{"line":17,"column":4},"end":{"line":20,"column":19}},"11":{"start":{"line":18,"column":8},"end":{"line":18,"column":30}},"12":{"start":{"line":19,"column":8},"end":{"line":19,"column":28}},"13":{"start":{"line":22,"column":31},"end":{"line":24,"column":5}},"14":{"start":{"line":23,"column":8},"end":{"line":23,"column":35}},"15":{"start":{"line":26,"column":25},"end":{"line":26,"column":77}},"16":{"start":{"line":26,"column":50},"end":{"line":26,"column":76}},"17":{"start":{"line":28,"column":29},"end":{"line":35,"column":5}},"18":{"start":{"line":29,"column":8},"end":{"line":34,"column":9}},"19":{"start":{"line":30,"column":12},"end":{"line":30,"column":30}},"20":{"start":{"line":31,"column":12},"end":{"line":31,"column":37}},"21":{"start":{"line":33,"column":12},"end":{"line":33,"column":83}},"22":{"start":{"line":37,"column":22},"end":{"line":39,"column":5}},"23":{"start":{"line":38,"column":8},"end":{"line":38,"column":27}},"24":{"start":{"line":41,"column":4},"end":{"line":59,"column":6}},"25":{"start":{"line":44,"column":16},"end":{"line":51,"column":22}},"26":{"start":{"line":46,"column":112},"end":{"line":46,"column":137}},"27":{"start":{"line":49,"column":67},"end":{"line":49,"column":144}},"28":{"start":{"line":49,"column":103},"end":{"line":49,"column":128}},"29":{"start":{"line":50,"column":65},"end":{"line":50,"column":94}},"30":{"start":{"line":65,"column":0},"end":{"line":67,"column":1}}},"fnMap":{"0":{"name":"(anonymous_0)","decl":{"start":{"line":9,"column":19},"end":{"line":9,"column":20}},"loc":{"start":{"line":9,"column":36},"end":{"line":60,"column":1}},"line":9},"1":{"name":"(anonymous_1)","decl":{"start":{"line":10,"column":32},"end":{"line":10,"column":33}},"loc":{"start":{"line":10,"column":41},"end":{"line":10,"column":58}},"line":10},"2":{"name":"(anonymous_2)","decl":{"start":{"line":12,"column":30},"end":{"line":12,"column":31}},"loc":{"start":{"line":12,"column":39},"end":{"line":12,"column":54}},"line":12},"3":{"name":"(anonymous_3)","decl":{"start":{"line":14,"column":34},"end":{"line":14,"column":35}},"loc":{"start":{"line":14,"column":43},"end":{"line":14,"column":69}},"line":14},"4":{"name":"(anonymous_4)","decl":{"start":{"line":17,"column":14},"end":{"line":17,"column":15}},"loc":{"start":{"line":17,"column":20},"end":{"line":20,"column":5}},"line":17},"5":{"name":"(anonymous_5)","decl":{"start":{"line":22,"column":31},"end":{"line":22,"column":32}},"loc":{"start":{"line":22,"column":39},"end":{"line":24,"column":5}},"line":22},"6":{"name":"(anonymous_6)","decl":{"start":{"line":26,"column":40},"end":{"line":26,"column":41}},"loc":{"start":{"line":26,"column":50},"end":{"line":26,"column":76}},"line":26},"7":{"name":"(anonymous_7)","decl":{"start":{"line":28,"column":29},"end":{"line":28,"column":30}},"loc":{"start":{"line":28,"column":49},"end":{"line":35,"column":5}},"line":28},"8":{"name":"(anonymous_8)","decl":{"start":{"line":37,"column":22},"end":{"line":37,"column":23}},"loc":{"start":{"line":37,"column":28},"end":{"line":39,"column":5}},"line":37},"9":{"name":"(anonymous_9)","decl":{"start":{"line":43,"column":30},"end":{"line":43,"column":31}},"loc":{"start":{"line":44,"column":16},"end":{"line":51,"column":22}},"line":44},"10":{"name":"(anonymous_10)","decl":{"start":{"line":46,"column":104},"end":{"line":46,"column":105}},"loc":{"start":{"line":46,"column":112},"end":{"line":46,"column":137}},"line":46},"11":{"name":"(anonymous_11)","decl":{"start":{"line":49,"column":61},"end":{"line":49,"column":62}},"loc":{"start":{"line":49,"column":67},"end":{"line":49,"column":144}},"line":49},"12":{"name":"(anonymous_12)","decl":{"start":{"line":49,"column":95},"end":{"line":49,"column":96}},"loc":{"start":{"line":49,"column":103},"end":{"line":49,"column":128}},"line":49},"13":{"name":"(anonymous_13)","decl":{"start":{"line":50,"column":59},"end":{"line":50,"column":60}},"loc":{"start":{"line":50,"column":65},"end":{"line":50,"column":94}},"line":50}},"branchMap":{"0":{"loc":{"start":{"line":29,"column":8},"end":{"line":34,"column":9}},"type":"if","locations":[{"start":{"line":29,"column":8},"end":{"line":34,"column":9}},{"start":{"line":32,"column":15},"end":{"line":34,"column":9}}],"line":29},"1":{"loc":{"start":{"line":46,"column":93},"end":{"line":46,"column":157}},"type":"binary-expr","locations":[{"start":{"line":46,"column":93},"end":{"line":46,"column":144}},{"start":{"line":46,"column":148},"end":{"line":46,"column":157}}],"line":46},"2":{"loc":{"start":{"line":53,"column":13},"end":{"line":57,"column":18}},"type":"binary-expr","locations":[{"start":{"line":53,"column":13},"end":{"line":53,"column":22}},{"start":{"line":54,"column":16},"end":{"line":57,"column":18}}],"line":53}},"s":{"0":0,"1":0,"2":0,"3":0,"4":0,"5":0,"6":0,"7":0,"8":0,"9":0,"10":0,"11":0,"12":0,"13":0,"14":0,"15":0,"16":0,"17":0,"18":0,"19":0,"20":0,"21":0,"22":0,"23":0,"24":0,"25":0,"26":0,"27":0,"28":0,"29":0,"30":0},"f":{"0":0,"1":0,"2":0,"3":0,"4":0,"5":0,"6":0,"7":0,"8":0,"9":0,"10":0,"11":0,"12":0,"13":0},"b":{"0":[0,0],"1":[0,0],"2":[0,0]}}
,"C:\\Users\\lucia\\OneDrive\\Escritorio\\stuff\\src\\components\\selectRanking\\selectRanking.jsx": {"path":"C:\\Users\\lucia\\OneDrive\\Escritorio\\stuff\\src\\components\\selectRanking\\selectRanking.jsx","statementMap":{"0":{"start":{"line":4,"column":22},"end":{"line":33,"column":1}},"1":{"start":{"line":6,"column":25},"end":{"line":10,"column":5}},"2":{"start":{"line":7,"column":27},"end":{"line":7,"column":49}},"3":{"start":{"line":9,"column":8},"end":{"line":9,"column":36}},"4":{"start":{"line":11,"column":20},"end":{"line":11,"column":35}},"5":{"start":{"line":12,"column":4},"end":{"line":32,"column":6}},"6":{"start":{"line":25,"column":24},"end":{"line":27,"column":35}},"7":{"start":{"line":36,"column":0},"end":{"line":40,"column":1}}},"fnMap":{"0":{"name":"(anonymous_0)","decl":{"start":{"line":4,"column":22},"end":{"line":4,"column":23}},"loc":{"start":{"line":4,"column":64},"end":{"line":33,"column":1}},"line":4},"1":{"name":"(anonymous_1)","decl":{"start":{"line":6,"column":25},"end":{"line":6,"column":26}},"loc":{"start":{"line":6,"column":32},"end":{"line":10,"column":5}},"line":6},"2":{"name":"(anonymous_2)","decl":{"start":{"line":24,"column":33},"end":{"line":24,"column":34}},"loc":{"start":{"line":25,"column":24},"end":{"line":27,"column":35}},"line":25}},"branchMap":{},"s":{"0":0,"1":0,"2":0,"3":0,"4":0,"5":0,"6":0,"7":0},"f":{"0":0,"1":0,"2":0},"b":{}}
,"C:\\Users\\lucia\\OneDrive\\Escritorio\\stuff\\src\\components\\stuff\\Stuff.jsx": {"path":"C:\\Users\\lucia\\OneDrive\\Escritorio\\stuff\\src\\components\\stuff\\Stuff.jsx","statementMap":{"0":{"start":{"line":9,"column":14},"end":{"line":73,"column":1}},"1":{"start":{"line":10,"column":21},"end":{"line":10,"column":34}},"2":{"start":{"line":11,"column":19},"end":{"line":11,"column":59}},"3":{"start":{"line":11,"column":42},"end":{"line":11,"column":58}},"4":{"start":{"line":13,"column":27},"end":{"line":15,"column":61}},"5":{"start":{"line":15,"column":35},"end":{"line":15,"column":60}},"6":{"start":{"line":17,"column":4},"end":{"line":19,"column":18}},"7":{"start":{"line":18,"column":8},"end":{"line":18,"column":28}},"8":{"start":{"line":21,"column":4},"end":{"line":72,"column":6}},"9":{"start":{"line":26,"column":16},"end":{"line":69,"column":23}},"10":{"start":{"line":77,"column":0},"end":{"line":79,"column":1}}},"fnMap":{"0":{"name":"(anonymous_0)","decl":{"start":{"line":9,"column":14},"end":{"line":9,"column":15}},"loc":{"start":{"line":9,"column":31},"end":{"line":73,"column":1}},"line":9},"1":{"name":"(anonymous_1)","decl":{"start":{"line":11,"column":31},"end":{"line":11,"column":32}},"loc":{"start":{"line":11,"column":42},"end":{"line":11,"column":58}},"line":11},"2":{"name":"(anonymous_2)","decl":{"start":{"line":15,"column":24},"end":{"line":15,"column":25}},"loc":{"start":{"line":15,"column":35},"end":{"line":15,"column":60}},"line":15},"3":{"name":"(anonymous_3)","decl":{"start":{"line":17,"column":14},"end":{"line":17,"column":15}},"loc":{"start":{"line":17,"column":20},"end":{"line":19,"column":5}},"line":17},"4":{"name":"(anonymous_4)","decl":{"start":{"line":25,"column":36},"end":{"line":25,"column":37}},"loc":{"start":{"line":26,"column":16},"end":{"line":69,"column":23}},"line":26}},"branchMap":{"0":{"loc":{"start":{"line":13,"column":27},"end":{"line":15,"column":61}},"type":"cond-expr","locations":[{"start":{"line":14,"column":10},"end":{"line":14,"column":16}},{"start":{"line":15,"column":10},"end":{"line":15,"column":61}}],"line":13},"1":{"loc":{"start":{"line":23,"column":13},"end":{"line":70,"column":15}},"type":"cond-expr","locations":[{"start":{"line":24,"column":16},"end":{"line":24,"column":115}},{"start":{"line":25,"column":17},"end":{"line":70,"column":14}}],"line":23}},"s":{"0":0,"1":0,"2":0,"3":0,"4":0,"5":0,"6":0,"7":0,"8":0,"9":0,"10":0},"f":{"0":0,"1":0,"2":0,"3":0,"4":0},"b":{"0":[0,0],"1":[0,0]}}
,"C:\\Users\\lucia\\OneDrive\\Escritorio\\stuff\\src\\components\\users\\users.jsx": {"path":"C:\\Users\\lucia\\OneDrive\\Escritorio\\stuff\\src\\components\\users\\users.jsx","statementMap":{"0":{"start":{"line":7,"column":14},"end":{"line":54,"column":1}},"1":{"start":{"line":8,"column":21},"end":{"line":8,"column":34}},"2":{"start":{"line":9,"column":18},"end":{"line":9,"column":57}},"3":{"start":{"line":9,"column":41},"end":{"line":9,"column":56}},"4":{"start":{"line":10,"column":20},"end":{"line":10,"column":61}},"5":{"start":{"line":10,"column":43},"end":{"line":10,"column":60}},"6":{"start":{"line":11,"column":40},"end":{"line":11,"column":52}},"7":{"start":{"line":13,"column":4},"end":{"line":16,"column":19}},"8":{"start":{"line":14,"column":8},"end":{"line":14,"column":28}},"9":{"start":{"line":15,"column":8},"end":{"line":15,"column":30}},"10":{"start":{"line":18,"column":29},"end":{"line":18,"column":31}},"11":{"start":{"line":20,"column":4},"end":{"line":26,"column":7}},"12":{"start":{"line":21,"column":8},"end":{"line":25,"column":9}},"13":{"start":{"line":22,"column":12},"end":{"line":22,"column":49}},"14":{"start":{"line":24,"column":12},"end":{"line":24,"column":48}},"15":{"start":{"line":28,"column":29},"end":{"line":33,"column":5}},"16":{"start":{"line":29,"column":8},"end":{"line":32,"column":12}},"17":{"start":{"line":29,"column":39},"end":{"line":32,"column":9}},"18":{"start":{"line":35,"column":4},"end":{"line":53,"column":6}},"19":{"start":{"line":38,"column":16},"end":{"line":50,"column":22}},"20":{"start":{"line":39,"column":40},"end":{"line":39,"column":65}}},"fnMap":{"0":{"name":"(anonymous_0)","decl":{"start":{"line":7,"column":14},"end":{"line":7,"column":15}},"loc":{"start":{"line":7,"column":20},"end":{"line":54,"column":1}},"line":7},"1":{"name":"(anonymous_1)","decl":{"start":{"line":9,"column":30},"end":{"line":9,"column":31}},"loc":{"start":{"line":9,"column":41},"end":{"line":9,"column":56}},"line":9},"2":{"name":"(anonymous_2)","decl":{"start":{"line":10,"column":32},"end":{"line":10,"column":33}},"loc":{"start":{"line":10,"column":43},"end":{"line":10,"column":60}},"line":10},"3":{"name":"(anonymous_3)","decl":{"start":{"line":13,"column":14},"end":{"line":13,"column":15}},"loc":{"start":{"line":13,"column":20},"end":{"line":16,"column":5}},"line":13},"4":{"name":"(anonymous_4)","decl":{"start":{"line":20,"column":20},"end":{"line":20,"column":21}},"loc":{"start":{"line":20,"column":32},"end":{"line":26,"column":5}},"line":20},"5":{"name":"(anonymous_5)","decl":{"start":{"line":28,"column":29},"end":{"line":28,"column":30}},"loc":{"start":{"line":28,"column":41},"end":{"line":33,"column":5}},"line":28},"6":{"name":"(anonymous_6)","decl":{"start":{"line":29,"column":22},"end":{"line":29,"column":23}},"loc":{"start":{"line":29,"column":39},"end":{"line":32,"column":9}},"line":29},"7":{"name":"(anonymous_7)","decl":{"start":{"line":37,"column":23},"end":{"line":37,"column":24}},"loc":{"start":{"line":38,"column":16},"end":{"line":50,"column":22}},"line":38},"8":{"name":"(anonymous_8)","decl":{"start":{"line":39,"column":34},"end":{"line":39,"column":35}},"loc":{"start":{"line":39,"column":40},"end":{"line":39,"column":65}},"line":39}},"branchMap":{"0":{"loc":{"start":{"line":21,"column":8},"end":{"line":25,"column":9}},"type":"if","locations":[{"start":{"line":21,"column":8},"end":{"line":25,"column":9}},{"start":{"line":23,"column":15},"end":{"line":25,"column":9}}],"line":21},"1":{"loc":{"start":{"line":45,"column":21},"end":{"line":49,"column":26}},"type":"binary-expr","locations":[{"start":{"line":45,"column":21},"end":{"line":45,"column":40}},{"start":{"line":45,"column":44},"end":{"line":49,"column":26}}],"line":45},"2":{"loc":{"start":{"line":47,"column":29},"end":{"line":47,"column":112}},"type":"cond-expr","locations":[{"start":{"line":47,"column":57},"end":{"line":47,"column":96}},{"start":{"line":47,"column":99},"end":{"line":47,"column":112}}],"line":47}},"s":{"0":0,"1":0,"2":0,"3":0,"4":0,"5":0,"6":0,"7":0,"8":0,"9":0,"10":0,"11":0,"12":0,"13":0,"14":0,"15":0,"16":0,"17":0,"18":0,"19":0,"20":0},"f":{"0":0,"1":0,"2":0,"3":0,"4":0,"5":0,"6":0,"7":0,"8":0},"b":{"0":[0,0],"1":[0,0],"2":[0,0]}}
,"C:\\Users\\lucia\\OneDrive\\Escritorio\\stuff\\src\\routes\\PrivateRoute.jsx": {"path":"C:\\Users\\lucia\\OneDrive\\Escritorio\\stuff\\src\\routes\\PrivateRoute.jsx","statementMap":{"0":{"start":{"line":5,"column":21},"end":{"line":13,"column":1}},"1":{"start":{"line":6,"column":17},"end":{"line":6,"column":51}},"2":{"start":{"line":6,"column":40},"end":{"line":6,"column":50}},"3":{"start":{"line":8,"column":4},"end":{"line":12,"column":5}},"4":{"start":{"line":9,"column":8},"end":{"line":9,"column":23}},"5":{"start":{"line":11,"column":8},"end":{"line":11,"column":40}},"6":{"start":{"line":18,"column":0},"end":{"line":20,"column":1}}},"fnMap":{"0":{"name":"(anonymous_0)","decl":{"start":{"line":5,"column":21},"end":{"line":5,"column":22}},"loc":{"start":{"line":5,"column":39},"end":{"line":13,"column":1}},"line":5},"1":{"name":"(anonymous_1)","decl":{"start":{"line":6,"column":29},"end":{"line":6,"column":30}},"loc":{"start":{"line":6,"column":40},"end":{"line":6,"column":50}},"line":6}},"branchMap":{"0":{"loc":{"start":{"line":8,"column":4},"end":{"line":12,"column":5}},"type":"if","locations":[{"start":{"line":8,"column":4},"end":{"line":12,"column":5}},{"start":{"line":10,"column":11},"end":{"line":12,"column":5}}],"line":8}},"s":{"0":0,"1":0,"2":0,"3":0,"4":0,"5":0,"6":0},"f":{"0":0,"1":0},"b":{"0":[0,0]}}
,"C:\\Users\\lucia\\OneDrive\\Escritorio\\stuff\\src\\routes\\Root.jsx": {"path":"C:\\Users\\lucia\\OneDrive\\Escritorio\\stuff\\src\\routes\\Root.jsx","statementMap":{"0":{"start":{"line":5,"column":4},"end":{"line":12,"column":6}}},"fnMap":{"0":{"name":"Root","decl":{"start":{"line":4,"column":24},"end":{"line":4,"column":28}},"loc":{"start":{"line":4,"column":31},"end":{"line":13,"column":1}},"line":4}},"branchMap":{},"s":{"0":0},"f":{"0":0},"b":{}}
,"C:\\Users\\lucia\\OneDrive\\Escritorio\\stuff\\src\\store\\authSlice.js": {"path":"C:\\Users\\lucia\\OneDrive\\Escritorio\\stuff\\src\\store\\authSlice.js","statementMap":{"0":{"start":{"line":3,"column":21},"end":{"line":6,"column":1}},"1":{"start":{"line":8,"column":18},"end":{"line":25,"column":2}},"2":{"start":{"line":13,"column":12},"end":{"line":13,"column":40}},"3":{"start":{"line":14,"column":12},"end":{"line":14,"column":41}},"4":{"start":{"line":15,"column":12},"end":{"line":15,"column":73}},"5":{"start":{"line":16,"column":12},"end":{"line":16,"column":83}},"6":{"start":{"line":19,"column":12},"end":{"line":19,"column":30}},"7":{"start":{"line":20,"column":12},"end":{"line":20,"column":42}},"8":{"start":{"line":21,"column":12},"end":{"line":21,"column":44}},"9":{"start":{"line":22,"column":12},"end":{"line":22,"column":54}},"10":{"start":{"line":27,"column":41},"end":{"line":27,"column":58}}},"fnMap":{"0":{"name":"(anonymous_0)","decl":{"start":{"line":12,"column":19},"end":{"line":12,"column":20}},"loc":{"start":{"line":12,"column":38},"end":{"line":17,"column":9}},"line":12},"1":{"name":"(anonymous_1)","decl":{"start":{"line":18,"column":20},"end":{"line":18,"column":21}},"loc":{"start":{"line":18,"column":31},"end":{"line":23,"column":9}},"line":18}},"branchMap":{"0":{"loc":{"start":{"line":4,"column":10},"end":{"line":4,"column":88}},"type":"cond-expr","locations":[{"start":{"line":4,"column":41},"end":{"line":4,"column":81}},{"start":{"line":4,"column":84},"end":{"line":4,"column":88}}],"line":4},"1":{"loc":{"start":{"line":5,"column":21},"end":{"line":5,"column":122}},"type":"cond-expr","locations":[{"start":{"line":5,"column":63},"end":{"line":5,"column":114}},{"start":{"line":5,"column":117},"end":{"line":5,"column":122}}],"line":5}},"s":{"0":1,"1":1,"2":0,"3":0,"4":0,"5":0,"6":0,"7":0,"8":0,"9":0,"10":1},"f":{"0":0,"1":0},"b":{"0":[0,1],"1":[0,1]},"_coverageSchema":"1a1c01bbd47fc00a2c39e90264f33305004495a9","hash":"effa4f050cf05c216856e0c5249b07b0413bf6aa"}
,"C:\\Users\\lucia\\OneDrive\\Escritorio\\stuff\\src\\store\\reviewSlice.js": {"path":"C:\\Users\\lucia\\OneDrive\\Escritorio\\stuff\\src\\store\\reviewSlice.js","statementMap":{"0":{"start":{"line":4,"column":23},"end":{"line":4,"column":54}},"1":{"start":{"line":6,"column":25},"end":{"line":9,"column":2}},"2":{"start":{"line":7,"column":21},"end":{"line":7,"column":52}},"3":{"start":{"line":8,"column":4},"end":{"line":8,"column":24}},"4":{"start":{"line":11,"column":26},"end":{"line":15,"column":2}},"5":{"start":{"line":12,"column":4},"end":{"line":12,"column":27}},"6":{"start":{"line":13,"column":21},"end":{"line":13,"column":64}},"7":{"start":{"line":14,"column":4},"end":{"line":14,"column":24}},"8":{"start":{"line":17,"column":25},"end":{"line":20,"column":2}},"9":{"start":{"line":18,"column":21},"end":{"line":18,"column":90}},"10":{"start":{"line":19,"column":4},"end":{"line":19,"column":24}},"11":{"start":{"line":22,"column":28},"end":{"line":25,"column":2}},"12":{"start":{"line":23,"column":4},"end":{"line":23,"column":49}},"13":{"start":{"line":24,"column":4},"end":{"line":24,"column":13}},"14":{"start":{"line":27,"column":20},"end":{"line":50,"column":2}},"15":{"start":{"line":33,"column":8},"end":{"line":35,"column":10}},"16":{"start":{"line":34,"column":12},"end":{"line":34,"column":39}},"17":{"start":{"line":36,"column":8},"end":{"line":38,"column":10}},"18":{"start":{"line":37,"column":12},"end":{"line":37,"column":43}},"19":{"start":{"line":39,"column":8},"end":{"line":44,"column":10}},"20":{"start":{"line":40,"column":33},"end":{"line":40,"column":47}},"21":{"start":{"line":41,"column":12},"end":{"line":43,"column":13}},"22":{"start":{"line":42,"column":16},"end":{"line":42,"column":65}},"23":{"start":{"line":45,"column":8},"end":{"line":48,"column":10}},"24":{"start":{"line":46,"column":29},"end":{"line":46,"column":43}},"25":{"start":{"line":47,"column":12},"end":{"line":47,"column":74}},"26":{"start":{"line":47,"column":53},"end":{"line":47,"column":73}}},"fnMap":{"0":{"name":"(anonymous_0)","decl":{"start":{"line":6,"column":62},"end":{"line":6,"column":63}},"loc":{"start":{"line":6,"column":74},"end":{"line":9,"column":1}},"line":6},"1":{"name":"(anonymous_1)","decl":{"start":{"line":11,"column":64},"end":{"line":11,"column":65}},"loc":{"start":{"line":11,"column":85},"end":{"line":15,"column":1}},"line":11},"2":{"name":"(anonymous_2)","decl":{"start":{"line":17,"column":62},"end":{"line":17,"column":63}},"loc":{"start":{"line":17,"column":86},"end":{"line":20,"column":1}},"line":17},"3":{"name":"(anonymous_3)","decl":{"start":{"line":22,"column":68},"end":{"line":22,"column":69}},"loc":{"start":{"line":22,"column":82},"end":{"line":25,"column":1}},"line":22},"4":{"name":"(anonymous_4)","decl":{"start":{"line":32,"column":19},"end":{"line":32,"column":20}},"loc":{"start":{"line":32,"column":32},"end":{"line":49,"column":5}},"line":32},"5":{"name":"(anonymous_5)","decl":{"start":{"line":33,"column":45},"end":{"line":33,"column":46}},"loc":{"start":{"line":33,"column":64},"end":{"line":35,"column":9}},"line":33},"6":{"name":"(anonymous_6)","decl":{"start":{"line":36,"column":46},"end":{"line":36,"column":47}},"loc":{"start":{"line":36,"column":65},"end":{"line":38,"column":9}},"line":36},"7":{"name":"(anonymous_7)","decl":{"start":{"line":39,"column":45},"end":{"line":39,"column":46}},"loc":{"start":{"line":39,"column":64},"end":{"line":44,"column":9}},"line":39},"8":{"name":"(anonymous_8)","decl":{"start":{"line":41,"column":40},"end":{"line":41,"column":41}},"loc":{"start":{"line":42,"column":16},"end":{"line":42,"column":65}},"line":42},"9":{"name":"(anonymous_9)","decl":{"start":{"line":45,"column":48},"end":{"line":45,"column":49}},"loc":{"start":{"line":45,"column":67},"end":{"line":48,"column":9}},"line":45},"10":{"name":"(anonymous_10)","decl":{"start":{"line":47,"column":43},"end":{"line":47,"column":44}},"loc":{"start":{"line":47,"column":53},"end":{"line":47,"column":73}},"line":47}},"branchMap":{"0":{"loc":{"start":{"line":42,"column":16},"end":{"line":42,"column":65}},"type":"cond-expr","locations":[{"start":{"line":42,"column":46},"end":{"line":42,"column":58}},{"start":{"line":42,"column":61},"end":{"line":42,"column":65}}],"line":42}},"s":{"0":1,"1":1,"2":0,"3":0,"4":1,"5":0,"6":0,"7":0,"8":1,"9":0,"10":0,"11":1,"12":0,"13":0,"14":1,"15":1,"16":0,"17":1,"18":0,"19":1,"20":0,"21":0,"22":0,"23":1,"24":0,"25":0,"26":0},"f":{"0":0,"1":0,"2":0,"3":0,"4":1,"5":0,"6":0,"7":0,"8":0,"9":0,"10":0},"b":{"0":[0,0]},"_coverageSchema":"1a1c01bbd47fc00a2c39e90264f33305004495a9","hash":"b88398a46eb99534b2f3afb109ad523d0dc0b2ff"}
,"C:\\Users\\lucia\\OneDrive\\Escritorio\\stuff\\src\\store\\store.js": {"path":"C:\\Users\\lucia\\OneDrive\\Escritorio\\stuff\\src\\store\\store.js","statementMap":{"0":{"start":{"line":7,"column":14},"end":{"line":14,"column":2}}},"fnMap":{},"branchMap":{},"s":{"0":1},"f":{},"b":{},"_coverageSchema":"1a1c01bbd47fc00a2c39e90264f33305004495a9","hash":"172f9858d621eb275bf97e3fa7d6122d1b9fac6a"}
,"C:\\Users\\lucia\\OneDrive\\Escritorio\\stuff\\src\\store\\stuffSlice.js": {"path":"C:\\Users\\lucia\\OneDrive\\Escritorio\\stuff\\src\\store\\stuffSlice.js","statementMap":{"0":{"start":{"line":4,"column":22},"end":{"line":4,"column":51}},"1":{"start":{"line":7,"column":24},"end":{"line":10,"column":2}},"2":{"start":{"line":8,"column":21},"end":{"line":8,"column":51}},"3":{"start":{"line":9,"column":4},"end":{"line":9,"column":24}},"4":{"start":{"line":13,"column":25},"end":{"line":16,"column":2}},"5":{"start":{"line":14,"column":21},"end":{"line":14,"column":62}},"6":{"start":{"line":15,"column":4},"end":{"line":15,"column":24}},"7":{"start":{"line":19,"column":24},"end":{"line":22,"column":2}},"8":{"start":{"line":20,"column":21},"end":{"line":20,"column":85}},"9":{"start":{"line":21,"column":4},"end":{"line":21,"column":24}},"10":{"start":{"line":25,"column":27},"end":{"line":28,"column":2}},"11":{"start":{"line":26,"column":4},"end":{"line":26,"column":48}},"12":{"start":{"line":27,"column":4},"end":{"line":27,"column":13}},"13":{"start":{"line":30,"column":19},"end":{"line":54,"column":2}},"14":{"start":{"line":37,"column":8},"end":{"line":39,"column":10}},"15":{"start":{"line":38,"column":12},"end":{"line":38,"column":39}},"16":{"start":{"line":40,"column":8},"end":{"line":42,"column":10}},"17":{"start":{"line":41,"column":12},"end":{"line":41,"column":43}},"18":{"start":{"line":43,"column":8},"end":{"line":48,"column":10}},"19":{"start":{"line":44,"column":32},"end":{"line":44,"column":46}},"20":{"start":{"line":45,"column":12},"end":{"line":47,"column":13}},"21":{"start":{"line":46,"column":16},"end":{"line":46,"column":63}},"22":{"start":{"line":49,"column":8},"end":{"line":52,"column":10}},"23":{"start":{"line":50,"column":29},"end":{"line":50,"column":43}},"24":{"start":{"line":51,"column":12},"end":{"line":51,"column":74}},"25":{"start":{"line":51,"column":53},"end":{"line":51,"column":73}}},"fnMap":{"0":{"name":"(anonymous_0)","decl":{"start":{"line":7,"column":59},"end":{"line":7,"column":60}},"loc":{"start":{"line":7,"column":71},"end":{"line":10,"column":1}},"line":7},"1":{"name":"(anonymous_1)","decl":{"start":{"line":13,"column":61},"end":{"line":13,"column":62}},"loc":{"start":{"line":13,"column":81},"end":{"line":16,"column":1}},"line":13},"2":{"name":"(anonymous_2)","decl":{"start":{"line":19,"column":59},"end":{"line":19,"column":60}},"loc":{"start":{"line":19,"column":81},"end":{"line":22,"column":1}},"line":19},"3":{"name":"(anonymous_3)","decl":{"start":{"line":25,"column":65},"end":{"line":25,"column":66}},"loc":{"start":{"line":25,"column":79},"end":{"line":28,"column":1}},"line":25},"4":{"name":"(anonymous_4)","decl":{"start":{"line":36,"column":19},"end":{"line":36,"column":20}},"loc":{"start":{"line":36,"column":32},"end":{"line":53,"column":5}},"line":36},"5":{"name":"(anonymous_5)","decl":{"start":{"line":37,"column":44},"end":{"line":37,"column":45}},"loc":{"start":{"line":37,"column":63},"end":{"line":39,"column":9}},"line":37},"6":{"name":"(anonymous_6)","decl":{"start":{"line":40,"column":45},"end":{"line":40,"column":46}},"loc":{"start":{"line":40,"column":64},"end":{"line":42,"column":9}},"line":40},"7":{"name":"(anonymous_7)","decl":{"start":{"line":43,"column":44},"end":{"line":43,"column":45}},"loc":{"start":{"line":43,"column":63},"end":{"line":48,"column":9}},"line":43},"8":{"name":"(anonymous_8)","decl":{"start":{"line":45,"column":40},"end":{"line":45,"column":41}},"loc":{"start":{"line":46,"column":16},"end":{"line":46,"column":63}},"line":46},"9":{"name":"(anonymous_9)","decl":{"start":{"line":49,"column":47},"end":{"line":49,"column":48}},"loc":{"start":{"line":49,"column":66},"end":{"line":52,"column":9}},"line":49},"10":{"name":"(anonymous_10)","decl":{"start":{"line":51,"column":43},"end":{"line":51,"column":44}},"loc":{"start":{"line":51,"column":53},"end":{"line":51,"column":73}},"line":51}},"branchMap":{"0":{"loc":{"start":{"line":46,"column":16},"end":{"line":46,"column":63}},"type":"cond-expr","locations":[{"start":{"line":46,"column":45},"end":{"line":46,"column":56}},{"start":{"line":46,"column":59},"end":{"line":46,"column":63}}],"line":46}},"s":{"0":1,"1":1,"2":0,"3":0,"4":1,"5":0,"6":0,"7":1,"8":0,"9":0,"10":1,"11":0,"12":0,"13":1,"14":1,"15":0,"16":1,"17":0,"18":1,"19":0,"20":0,"21":0,"22":1,"23":0,"24":0,"25":0},"f":{"0":0,"1":0,"2":0,"3":0,"4":1,"5":0,"6":0,"7":0,"8":0,"9":0,"10":0},"b":{"0":[0,0]},"_coverageSchema":"1a1c01bbd47fc00a2c39e90264f33305004495a9","hash":"0f3fe9921d6eb57cf4e9a72be27785bf4263f4c9"}
,"C:\\Users\\lucia\\OneDrive\\Escritorio\\stuff\\src\\store\\userSlice.js": {"path":"C:\\Users\\lucia\\OneDrive\\Escritorio\\stuff\\src\\store\\userSlice.js","statementMap":{"0":{"start":{"line":5,"column":21},"end":{"line":5,"column":50}},"1":{"start":{"line":8,"column":23},"end":{"line":11,"column":2}},"2":{"start":{"line":9,"column":21},"end":{"line":9,"column":50}},"3":{"start":{"line":10,"column":4},"end":{"line":10,"column":24}},"4":{"start":{"line":14,"column":24},"end":{"line":17,"column":2}},"5":{"start":{"line":15,"column":21},"end":{"line":15,"column":60}},"6":{"start":{"line":16,"column":4},"end":{"line":16,"column":24}},"7":{"start":{"line":20,"column":23},"end":{"line":23,"column":2}},"8":{"start":{"line":21,"column":21},"end":{"line":21,"column":84}},"9":{"start":{"line":22,"column":4},"end":{"line":22,"column":24}},"10":{"start":{"line":26,"column":26},"end":{"line":29,"column":2}},"11":{"start":{"line":27,"column":4},"end":{"line":27,"column":47}},"12":{"start":{"line":28,"column":4},"end":{"line":28,"column":13}},"13":{"start":{"line":31,"column":18},"end":{"line":55,"column":2}},"14":{"start":{"line":38,"column":8},"end":{"line":40,"column":10}},"15":{"start":{"line":39,"column":12},"end":{"line":39,"column":39}},"16":{"start":{"line":41,"column":8},"end":{"line":43,"column":10}},"17":{"start":{"line":42,"column":12},"end":{"line":42,"column":39}},"18":{"start":{"line":44,"column":8},"end":{"line":49,"column":10}},"19":{"start":{"line":45,"column":31},"end":{"line":45,"column":45}},"20":{"start":{"line":46,"column":12},"end":{"line":48,"column":13}},"21":{"start":{"line":47,"column":16},"end":{"line":47,"column":61}},"22":{"start":{"line":50,"column":8},"end":{"line":53,"column":10}},"23":{"start":{"line":51,"column":29},"end":{"line":51,"column":43}},"24":{"start":{"line":52,"column":12},"end":{"line":52,"column":74}},"25":{"start":{"line":52,"column":53},"end":{"line":52,"column":73}}},"fnMap":{"0":{"name":"(anonymous_0)","decl":{"start":{"line":8,"column":56},"end":{"line":8,"column":57}},"loc":{"start":{"line":8,"column":68},"end":{"line":11,"column":1}},"line":8},"1":{"name":"(anonymous_1)","decl":{"start":{"line":14,"column":58},"end":{"line":14,"column":59}},"loc":{"start":{"line":14,"column":77},"end":{"line":17,"column":1}},"line":14},"2":{"name":"(anonymous_2)","decl":{"start":{"line":20,"column":56},"end":{"line":20,"column":57}},"loc":{"start":{"line":20,"column":78},"end":{"line":23,"column":1}},"line":20},"3":{"name":"(anonymous_3)","decl":{"start":{"line":26,"column":62},"end":{"line":26,"column":63}},"loc":{"start":{"line":26,"column":76},"end":{"line":29,"column":1}},"line":26},"4":{"name":"(anonymous_4)","decl":{"start":{"line":37,"column":19},"end":{"line":37,"column":20}},"loc":{"start":{"line":37,"column":32},"end":{"line":54,"column":5}},"line":37},"5":{"name":"(anonymous_5)","decl":{"start":{"line":38,"column":43},"end":{"line":38,"column":44}},"loc":{"start":{"line":38,"column":62},"end":{"line":40,"column":9}},"line":38},"6":{"name":"(anonymous_6)","decl":{"start":{"line":41,"column":44},"end":{"line":41,"column":45}},"loc":{"start":{"line":41,"column":63},"end":{"line":43,"column":9}},"line":41},"7":{"name":"(anonymous_7)","decl":{"start":{"line":44,"column":43},"end":{"line":44,"column":44}},"loc":{"start":{"line":44,"column":62},"end":{"line":49,"column":9}},"line":44},"8":{"name":"(anonymous_8)","decl":{"start":{"line":46,"column":40},"end":{"line":46,"column":41}},"loc":{"start":{"line":47,"column":16},"end":{"line":47,"column":61}},"line":47},"9":{"name":"(anonymous_9)","decl":{"start":{"line":50,"column":46},"end":{"line":50,"column":47}},"loc":{"start":{"line":50,"column":65},"end":{"line":53,"column":9}},"line":50},"10":{"name":"(anonymous_10)","decl":{"start":{"line":52,"column":43},"end":{"line":52,"column":44}},"loc":{"start":{"line":52,"column":53},"end":{"line":52,"column":73}},"line":52}},"branchMap":{"0":{"loc":{"start":{"line":47,"column":16},"end":{"line":47,"column":61}},"type":"cond-expr","locations":[{"start":{"line":47,"column":44},"end":{"line":47,"column":54}},{"start":{"line":47,"column":57},"end":{"line":47,"column":61}}],"line":47}},"s":{"0":1,"1":1,"2":0,"3":0,"4":1,"5":0,"6":0,"7":1,"8":0,"9":0,"10":1,"11":0,"12":0,"13":1,"14":1,"15":0,"16":1,"17":0,"18":1,"19":0,"20":0,"21":0,"22":1,"23":0,"24":0,"25":0},"f":{"0":0,"1":0,"2":0,"3":0,"4":1,"5":0,"6":0,"7":0,"8":0,"9":0,"10":0},"b":{"0":[0,0]},"_coverageSchema":"1a1c01bbd47fc00a2c39e90264f33305004495a9","hash":"8e1e48a5645528be3107de0eec5ca79ed86fbab5"}
}
